<?xml version="1.0" encoding="UTF-8"?>
<testsuite name="com.kenzie.capstone.service.LambdaRecipeServiceTest" tests="5" skipped="0" failures="0" errors="0" timestamp="2023-04-03T20:14:54" hostname="Elizabeths-MacBook-Pro.local" time="0.055">
  <properties/>
  <testcase name="updateRecipeDataTest()" classname="com.kenzie.capstone.service.LambdaRecipeServiceTest" time="0.042"/>
  <testcase name="setRecipeDataTest()" classname="com.kenzie.capstone.service.LambdaRecipeServiceTest" time="0.003"/>
  <testcase name="getRecipesByDietaryRestrictionTest()" classname="com.kenzie.capstone.service.LambdaRecipeServiceTest" time="0.007"/>
  <testcase name="deleteRecipeDataTest()" classname="com.kenzie.capstone.service.LambdaRecipeServiceTest" time="0.001"/>
  <testcase name="getRecipeDataTest()" classname="com.kenzie.capstone.service.LambdaRecipeServiceTest" time="0.0"/>
  <system-out><![CDATA[]]></system-out>
  <system-err><![CDATA[]]></system-err>
</testsuite>
