<?xml version="1.0" encoding="UTF-8"?>
<testsuite name="com.kenzie.appserver.controller.RecipeControllerTest" tests="1" skipped="0" failures="1" errors="0" timestamp="2023-04-10T17:37:05" hostname="Elizabeths-MacBook-Pro.local" time="25.733">
  <properties/>
  <testcase name="updateRecipe()" classname="com.kenzie.appserver.controller.RecipeControllerTest" time="25.733">
    <failure message="org.springframework.web.util.NestedServletException: Request processing failed; nested exception is com.kenzie.capstone.service.client.ApiGatewayException: GET request failed: 400 status code received (Service: null; Status Code: 0; Error Code: null; Request ID: null; Proxy: null)" type="org.springframework.web.util.NestedServletException">org.springframework.web.util.NestedServletException: Request processing failed; nested exception is com.kenzie.capstone.service.client.ApiGatewayException: GET request failed: 400 status code received (Service: null; Status Code: 0; Error Code: null; Request ID: null; Proxy: null)
	at org.springframework.web.servlet.FrameworkServlet.processRequest(FrameworkServlet.java:1014)
	at org.springframework.web.servlet.FrameworkServlet.doPut(FrameworkServlet.java:920)
	at javax.servlet.http.HttpServlet.service(HttpServlet.java:684)
	at org.springframework.web.servlet.FrameworkServlet.service(FrameworkServlet.java:883)
	at org.springframework.test.web.servlet.TestDispatcherServlet.service(TestDispatcherServlet.java:72)
	at javax.servlet.http.HttpServlet.service(HttpServlet.java:764)
	at org.springframework.mock.web.MockFilterChain$ServletFilterProxy.doFilter(MockFilterChain.java:167)
	at org.springframework.mock.web.MockFilterChain.doFilter(MockFilterChain.java:134)
	at org.springframework.web.filter.RequestContextFilter.doFilterInternal(RequestContextFilter.java:100)
	at org.springframework.web.filter.OncePerRequestFilter.doFilter(OncePerRequestFilter.java:117)
	at org.springframework.mock.web.MockFilterChain.doFilter(MockFilterChain.java:134)
	at org.springframework.web.filter.FormContentFilter.doFilterInternal(FormContentFilter.java:93)
	at org.springframework.web.filter.OncePerRequestFilter.doFilter(OncePerRequestFilter.java:117)
	at org.springframework.mock.web.MockFilterChain.doFilter(MockFilterChain.java:134)
	at org.springframework.boot.actuate.metrics.web.servlet.WebMvcMetricsFilter.doFilterInternal(WebMvcMetricsFilter.java:96)
	at org.springframework.web.filter.OncePerRequestFilter.doFilter(OncePerRequestFilter.java:117)
	at org.springframework.mock.web.MockFilterChain.doFilter(MockFilterChain.java:134)
	at org.springframework.web.filter.CharacterEncodingFilter.doFilterInternal(CharacterEncodingFilter.java:201)
	at org.springframework.web.filter.OncePerRequestFilter.doFilter(OncePerRequestFilter.java:117)
	at org.springframework.mock.web.MockFilterChain.doFilter(MockFilterChain.java:134)
	at org.springframework.test.web.servlet.MockMvc.perform(MockMvc.java:199)
	at com.kenzie.appserver.controller.RecipeControllerTest.updateRecipe(RecipeControllerTest.java:141)
	at java.base/jdk.internal.reflect.NativeMethodAccessorImpl.invoke0(Native Method)
	at java.base/jdk.internal.reflect.NativeMethodAccessorImpl.invoke(NativeMethodAccessorImpl.java:78)
	at java.base/jdk.internal.reflect.DelegatingMethodAccessorImpl.invoke(DelegatingMethodAccessorImpl.java:43)
	at java.base/java.lang.reflect.Method.invoke(Method.java:567)
	at org.junit.platform.commons.util.ReflectionUtils.invokeMethod(ReflectionUtils.java:727)
	at org.junit.jupiter.engine.execution.MethodInvocation.proceed(MethodInvocation.java:60)
	at org.junit.jupiter.engine.execution.InvocationInterceptorChain$ValidatingInvocation.proceed(InvocationInterceptorChain.java:131)
	at org.junit.jupiter.engine.extension.TimeoutExtension.intercept(TimeoutExtension.java:156)
	at org.junit.jupiter.engine.extension.TimeoutExtension.interceptTestableMethod(TimeoutExtension.java:147)
	at org.junit.jupiter.engine.extension.TimeoutExtension.interceptTestMethod(TimeoutExtension.java:86)
	at org.junit.jupiter.engine.execution.InterceptingExecutableInvoker$ReflectiveInterceptorCall.lambda$ofVoidMethod$0(InterceptingExecutableInvoker.java:103)
	at org.junit.jupiter.engine.execution.InterceptingExecutableInvoker.lambda$invoke$0(InterceptingExecutableInvoker.java:93)
	at org.junit.jupiter.engine.execution.InvocationInterceptorChain$InterceptedInvocation.proceed(InvocationInterceptorChain.java:106)
	at org.junit.jupiter.engine.execution.InvocationInterceptorChain.proceed(InvocationInterceptorChain.java:64)
	at org.junit.jupiter.engine.execution.InvocationInterceptorChain.chainAndInvoke(InvocationInterceptorChain.java:45)
	at org.junit.jupiter.engine.execution.InvocationInterceptorChain.invoke(InvocationInterceptorChain.java:37)
	at org.junit.jupiter.engine.execution.InterceptingExecutableInvoker.invoke(InterceptingExecutableInvoker.java:92)
	at org.junit.jupiter.engine.execution.InterceptingExecutableInvoker.invoke(InterceptingExecutableInvoker.java:86)
	at org.junit.jupiter.engine.descriptor.TestMethodTestDescriptor.lambda$invokeTestMethod$7(TestMethodTestDescriptor.java:217)
	at org.junit.platform.engine.support.hierarchical.ThrowableCollector.execute(ThrowableCollector.java:73)
	at org.junit.jupiter.engine.descriptor.TestMethodTestDescriptor.invokeTestMethod(TestMethodTestDescriptor.java:213)
	at org.junit.jupiter.engine.descriptor.TestMethodTestDescriptor.execute(TestMethodTestDescriptor.java:138)
	at org.junit.jupiter.engine.descriptor.TestMethodTestDescriptor.execute(TestMethodTestDescriptor.java:68)
	at org.junit.platform.engine.support.hierarchical.NodeTestTask.lambda$executeRecursively$6(NodeTestTask.java:151)
	at org.junit.platform.engine.support.hierarchical.ThrowableCollector.execute(ThrowableCollector.java:73)
	at org.junit.platform.engine.support.hierarchical.NodeTestTask.lambda$executeRecursively$8(NodeTestTask.java:141)
	at org.junit.platform.engine.support.hierarchical.Node.around(Node.java:137)
	at org.junit.platform.engine.support.hierarchical.NodeTestTask.lambda$executeRecursively$9(NodeTestTask.java:139)
	at org.junit.platform.engine.support.hierarchical.ThrowableCollector.execute(ThrowableCollector.java:73)
	at org.junit.platform.engine.support.hierarchical.NodeTestTask.executeRecursively(NodeTestTask.java:138)
	at org.junit.platform.engine.support.hierarchical.NodeTestTask.execute(NodeTestTask.java:95)
	at java.base/java.util.ArrayList.forEach(ArrayList.java:1511)
	at org.junit.platform.engine.support.hierarchical.SameThreadHierarchicalTestExecutorService.invokeAll(SameThreadHierarchicalTestExecutorService.java:41)
	at org.junit.platform.engine.support.hierarchical.NodeTestTask.lambda$executeRecursively$6(NodeTestTask.java:155)
	at org.junit.platform.engine.support.hierarchical.ThrowableCollector.execute(ThrowableCollector.java:73)
	at org.junit.platform.engine.support.hierarchical.NodeTestTask.lambda$executeRecursively$8(NodeTestTask.java:141)
	at org.junit.platform.engine.support.hierarchical.Node.around(Node.java:137)
	at org.junit.platform.engine.support.hierarchical.NodeTestTask.lambda$executeRecursively$9(NodeTestTask.java:139)
	at org.junit.platform.engine.support.hierarchical.ThrowableCollector.execute(ThrowableCollector.java:73)
	at org.junit.platform.engine.support.hierarchical.NodeTestTask.executeRecursively(NodeTestTask.java:138)
	at org.junit.platform.engine.support.hierarchical.NodeTestTask.execute(NodeTestTask.java:95)
	at java.base/java.util.ArrayList.forEach(ArrayList.java:1511)
	at org.junit.platform.engine.support.hierarchical.SameThreadHierarchicalTestExecutorService.invokeAll(SameThreadHierarchicalTestExecutorService.java:41)
	at org.junit.platform.engine.support.hierarchical.NodeTestTask.lambda$executeRecursively$6(NodeTestTask.java:155)
	at org.junit.platform.engine.support.hierarchical.ThrowableCollector.execute(ThrowableCollector.java:73)
	at org.junit.platform.engine.support.hierarchical.NodeTestTask.lambda$executeRecursively$8(NodeTestTask.java:141)
	at org.junit.platform.engine.support.hierarchical.Node.around(Node.java:137)
	at org.junit.platform.engine.support.hierarchical.NodeTestTask.lambda$executeRecursively$9(NodeTestTask.java:139)
	at org.junit.platform.engine.support.hierarchical.ThrowableCollector.execute(ThrowableCollector.java:73)
	at org.junit.platform.engine.support.hierarchical.NodeTestTask.executeRecursively(NodeTestTask.java:138)
	at org.junit.platform.engine.support.hierarchical.NodeTestTask.execute(NodeTestTask.java:95)
	at org.junit.platform.engine.support.hierarchical.SameThreadHierarchicalTestExecutorService.submit(SameThreadHierarchicalTestExecutorService.java:35)
	at org.junit.platform.engine.support.hierarchical.HierarchicalTestExecutor.execute(HierarchicalTestExecutor.java:57)
	at org.junit.platform.engine.support.hierarchical.HierarchicalTestEngine.execute(HierarchicalTestEngine.java:54)
	at org.junit.platform.launcher.core.EngineExecutionOrchestrator.execute(EngineExecutionOrchestrator.java:108)
	at org.junit.platform.launcher.core.EngineExecutionOrchestrator.execute(EngineExecutionOrchestrator.java:88)
	at org.junit.platform.launcher.core.EngineExecutionOrchestrator.lambda$execute$0(EngineExecutionOrchestrator.java:54)
	at org.junit.platform.launcher.core.EngineExecutionOrchestrator.withInterceptedStreams(EngineExecutionOrchestrator.java:67)
	at org.junit.platform.launcher.core.EngineExecutionOrchestrator.execute(EngineExecutionOrchestrator.java:52)
	at org.junit.platform.launcher.core.DefaultLauncher.execute(DefaultLauncher.java:96)
	at org.junit.platform.launcher.core.DefaultLauncher.execute(DefaultLauncher.java:75)
	at org.gradle.api.internal.tasks.testing.junitplatform.JUnitPlatformTestClassProcessor$CollectAllTestClassesExecutor.processAllTestClasses(JUnitPlatformTestClassProcessor.java:99)
	at org.gradle.api.internal.tasks.testing.junitplatform.JUnitPlatformTestClassProcessor$CollectAllTestClassesExecutor.access$000(JUnitPlatformTestClassProcessor.java:79)
	at org.gradle.api.internal.tasks.testing.junitplatform.JUnitPlatformTestClassProcessor.stop(JUnitPlatformTestClassProcessor.java:75)
	at org.gradle.api.internal.tasks.testing.SuiteTestClassProcessor.stop(SuiteTestClassProcessor.java:61)
	at java.base/jdk.internal.reflect.NativeMethodAccessorImpl.invoke0(Native Method)
	at java.base/jdk.internal.reflect.NativeMethodAccessorImpl.invoke(NativeMethodAccessorImpl.java:78)
	at java.base/jdk.internal.reflect.DelegatingMethodAccessorImpl.invoke(DelegatingMethodAccessorImpl.java:43)
	at java.base/java.lang.reflect.Method.invoke(Method.java:567)
	at org.gradle.internal.dispatch.ReflectionDispatch.dispatch(ReflectionDispatch.java:36)
	at org.gradle.internal.dispatch.ReflectionDispatch.dispatch(ReflectionDispatch.java:24)
	at org.gradle.internal.dispatch.ContextClassLoaderDispatch.dispatch(ContextClassLoaderDispatch.java:33)
	at org.gradle.internal.dispatch.ProxyDispatchAdapter$DispatchingInvocationHandler.invoke(ProxyDispatchAdapter.java:94)
	at jdk.proxy2/jdk.proxy2.$Proxy5.stop(Unknown Source)
	at org.gradle.api.internal.tasks.testing.worker.TestWorker.stop(TestWorker.java:135)
	at java.base/jdk.internal.reflect.NativeMethodAccessorImpl.invoke0(Native Method)
	at java.base/jdk.internal.reflect.NativeMethodAccessorImpl.invoke(NativeMethodAccessorImpl.java:78)
	at java.base/jdk.internal.reflect.DelegatingMethodAccessorImpl.invoke(DelegatingMethodAccessorImpl.java:43)
	at java.base/java.lang.reflect.Method.invoke(Method.java:567)
	at org.gradle.internal.dispatch.ReflectionDispatch.dispatch(ReflectionDispatch.java:36)
	at org.gradle.internal.dispatch.ReflectionDispatch.dispatch(ReflectionDispatch.java:24)
	at org.gradle.internal.remote.internal.hub.MessageHubBackedObjectConnection$DispatchWrapper.dispatch(MessageHubBackedObjectConnection.java:182)
	at org.gradle.internal.remote.internal.hub.MessageHubBackedObjectConnection$DispatchWrapper.dispatch(MessageHubBackedObjectConnection.java:164)
	at org.gradle.internal.remote.internal.hub.MessageHub$Handler.run(MessageHub.java:414)
	at org.gradle.internal.concurrent.ExecutorPolicy$CatchAndRecordFailures.onExecute(ExecutorPolicy.java:64)
	at org.gradle.internal.concurrent.ManagedExecutorImpl$1.run(ManagedExecutorImpl.java:48)
	at java.base/java.util.concurrent.ThreadPoolExecutor.runWorker(ThreadPoolExecutor.java:1130)
	at java.base/java.util.concurrent.ThreadPoolExecutor$Worker.run(ThreadPoolExecutor.java:630)
	at org.gradle.internal.concurrent.ThreadFactoryImpl$ManagedThreadRunnable.run(ThreadFactoryImpl.java:56)
	at java.base/java.lang.Thread.run(Thread.java:831)
Caused by: com.kenzie.capstone.service.client.ApiGatewayException: GET request failed: 400 status code received (Service: null; Status Code: 0; Error Code: null; Request ID: null; Proxy: null)
	at com.kenzie.capstone.service.client.EndpointUtility.getEndpoint(EndpointUtility.java:266)
	at com.kenzie.capstone.service.client.LambdaRecipeServiceClient.getRecipeData(LambdaRecipeServiceClient.java:32)
	at com.kenzie.appserver.service.RecipeService.findById(RecipeService.java:44)
	at com.kenzie.appserver.service.RecipeService.updateRecipe(RecipeService.java:112)
	at com.kenzie.appserver.controller.RecipeController.updateRecipe(RecipeController.java:122)
	at java.base/jdk.internal.reflect.NativeMethodAccessorImpl.invoke0(Native Method)
	at java.base/jdk.internal.reflect.NativeMethodAccessorImpl.invoke(NativeMethodAccessorImpl.java:78)
	at java.base/jdk.internal.reflect.DelegatingMethodAccessorImpl.invoke(DelegatingMethodAccessorImpl.java:43)
	at java.base/java.lang.reflect.Method.invoke(Method.java:567)
	at org.springframework.web.method.support.InvocableHandlerMethod.doInvoke(InvocableHandlerMethod.java:205)
	at org.springframework.web.method.support.InvocableHandlerMethod.invokeForRequest(InvocableHandlerMethod.java:150)
	at org.springframework.web.servlet.mvc.method.annotation.ServletInvocableHandlerMethod.invokeAndHandle(ServletInvocableHandlerMethod.java:117)
	at org.springframework.web.servlet.mvc.method.annotation.RequestMappingHandlerAdapter.invokeHandlerMethod(RequestMappingHandlerAdapter.java:895)
	at org.springframework.web.servlet.mvc.method.annotation.RequestMappingHandlerAdapter.handleInternal(RequestMappingHandlerAdapter.java:808)
	at org.springframework.web.servlet.mvc.method.AbstractHandlerMethodAdapter.handle(AbstractHandlerMethodAdapter.java:87)
	at org.springframework.web.servlet.DispatcherServlet.doDispatch(DispatcherServlet.java:1067)
	at org.springframework.web.servlet.DispatcherServlet.doService(DispatcherServlet.java:963)
	at org.springframework.web.servlet.FrameworkServlet.processRequest(FrameworkServlet.java:1006)
	... 111 more
</failure>
  </testcase>
  <system-out><![CDATA[2023-04-10 12:36:39  INFO  AbstractContextLoader - Could not detect default resource locations for test class [com.kenzie.appserver.controller.RecipeControllerTest]: no resource found for suffixes {-context.xml, Context.groovy}.
2023-04-10 12:36:39  INFO  AnnotationConfigContextLoaderUtils - Could not detect default configuration classes for test class [com.kenzie.appserver.controller.RecipeControllerTest]: RecipeControllerTest does not declare any static, non-private, non-final, nested classes annotated with @Configuration.
2023-04-10 12:36:39  INFO  SpringBootTestContextBootstrapper - Found @SpringBootConfiguration com.kenzie.appserver.Application for test class com.kenzie.appserver.controller.RecipeControllerTest
2023-04-10 12:36:40  INFO  SpringBootTestContextBootstrapper - Loaded default TestExecutionListener class names from location [META-INF/spring.factories]: [org.springframework.boot.test.autoconfigure.restdocs.RestDocsTestExecutionListener, org.springframework.boot.test.autoconfigure.web.client.MockRestServiceServerResetTestExecutionListener, org.springframework.boot.test.autoconfigure.web.servlet.MockMvcPrintOnlyOnFailureTestExecutionListener, org.springframework.boot.test.autoconfigure.web.servlet.WebDriverTestExecutionListener, org.springframework.boot.test.autoconfigure.webservices.client.MockWebServiceServerTestExecutionListener, org.springframework.boot.test.mock.mockito.MockitoTestExecutionListener, org.springframework.boot.test.mock.mockito.ResetMocksTestExecutionListener, org.springframework.test.context.web.ServletTestExecutionListener, org.springframework.test.context.support.DirtiesContextBeforeModesTestExecutionListener, org.springframework.test.context.event.ApplicationEventsTestExecutionListener, org.springframework.test.context.support.DependencyInjectionTestExecutionListener, org.springframework.test.context.support.DirtiesContextTestExecutionListener, org.springframework.test.context.transaction.TransactionalTestExecutionListener, org.springframework.test.context.jdbc.SqlScriptsTestExecutionListener, org.springframework.test.context.event.EventPublishingTestExecutionListener]
2023-04-10 12:36:40  INFO  SpringBootTestContextBootstrapper - Using TestExecutionListeners: [org.springframework.test.context.web.ServletTestExecutionListener@7614be2a, org.springframework.test.context.support.DirtiesContextBeforeModesTestExecutionListener@1c9c757d, org.springframework.test.context.event.ApplicationEventsTestExecutionListener@641d718, org.springframework.boot.test.mock.mockito.MockitoTestExecutionListener@2f61dbdb, org.springframework.boot.test.autoconfigure.SpringBootDependencyInjectionTestExecutionListener@7c57c5f3, org.springframework.test.context.support.DirtiesContextTestExecutionListener@39f6099, org.springframework.test.context.transaction.TransactionalTestExecutionListener@bee9ee5, org.springframework.test.context.jdbc.SqlScriptsTestExecutionListener@2af02340, org.springframework.test.context.event.EventPublishingTestExecutionListener@684a13b0, org.springframework.boot.test.autoconfigure.restdocs.RestDocsTestExecutionListener@10a92d88, org.springframework.boot.test.autoconfigure.web.client.MockRestServiceServerResetTestExecutionListener@6fcf80ce, org.springframework.boot.test.autoconfigure.web.servlet.MockMvcPrintOnlyOnFailureTestExecutionListener@440e4454, org.springframework.boot.test.autoconfigure.web.servlet.WebDriverTestExecutionListener@7ce108f6, org.springframework.boot.test.autoconfigure.webservices.client.MockWebServiceServerTestExecutionListener@257daf8f, org.springframework.boot.test.mock.mockito.ResetMocksTestExecutionListener@36a7921e]

  .   ____          _            __ _ _
 /\\ / ___'_ __ _ _(_)_ __  __ _ \ \ \ \
( ( )\___ | '_ | '_| | '_ \/ _` | \ \ \ \
 \\/  ___)| |_)| | | | | || (_| |  ) ) ) )
  '  |____| .__|_| |_|_| |_\__, | / / / /
 =========|_|==============|___/=/_/_/_/
 :: Spring Boot ::                (v2.6.3)

2023-04-10 12:36:41  INFO  Version - HV000001: Hibernate Validator 6.0.9.Final
2023-04-10 12:36:42  INFO  DockerClientProviderStrategy - Loaded org.testcontainers.dockerclient.UnixSocketClientProviderStrategy from ~/.testcontainers.properties, will try it first
2023-04-10 12:36:43  INFO  DockerClientProviderStrategy - Found Docker environment with local Unix socket (unix:///var/run/docker.sock)
2023-04-10 12:36:43  INFO  DockerClientFactory - Docker host IP address is localhost
2023-04-10 12:36:43  INFO  DockerClientFactory - Connected to docker: 
  Server Version: 20.10.22
  API Version: 1.41
  Operating System: Docker Desktop
  Total Memory: 7851 MB
2023-04-10 12:36:43  INFO  ImageNameSubstitutor - Image name substitution will be performed by: DefaultImageNameSubstitutor (composite of 'ConfigurationFileImageNameSubstitutor' and 'PrefixingImageNameSubstitutor')
2023-04-10 12:36:43  INFO  RegistryAuthLocator - Credential helper/store (docker-credential-desktop) does not have credentials for index.docker.io
2023-04-10 12:36:44  INFO  DockerClientFactory - Ryuk started - will monitor and terminate Testcontainers containers on JVM exit
2023-04-10 12:36:44  INFO  DockerClientFactory - Checking the system...
2023-04-10 12:36:44  INFO  DockerClientFactory - ✔︎ Docker server version should be at least 1.6.0
2023-04-10 12:36:44  INFO  DockerClientFactory - ✔︎ Docker environment should have more than 2GB free disk space
2023-04-10 12:36:44  INFO  ]]>&#x1f433;<![CDATA[ [amazon/dynamodb-local:latest] - Creating container for image: amazon/dynamodb-local:latest
2023-04-10 12:36:44  INFO  ]]>&#x1f433;<![CDATA[ [amazon/dynamodb-local:latest] - Container amazon/dynamodb-local:latest is starting: a98a25994a40ab2ce7cd983ba63ce779026b5b5ddba81b77da5fea9377493b70
2023-04-10 12:36:45  INFO  ]]>&#x1f433;<![CDATA[ [amazon/dynamodb-local:latest] - Container amazon/dynamodb-local:latest started in PT0.926183S
2023-04-10 12:36:45  INFO  RecipeControllerTest - Starting RecipeControllerTest using Java 16.0.2 on Elizabeths-MacBook-Pro.local with PID 87547 (started by lizhogan in /Users/lizhogan/kenzie/ata-capstone-project-NathanHodo/IntegrationTests)
2023-04-10 12:36:45  INFO  RecipeControllerTest - The following profiles are active: test
2023-04-10 12:36:48  INFO  RepositoryConfigurationDelegate - Bootstrapping Spring Data DynamoDB repositories in DEFAULT mode.
2023-04-10 12:36:48  INFO  RepositoryConfigurationDelegate - Finished Spring Data repository scanning in 136 ms. Found 1 DynamoDB repository interfaces.
2023-04-10 12:36:56  INFO  PostProcessorRegistrationDelegate$BeanPostProcessorChecker - Bean '(inner bean)#735d7f0c' of type [com.amazonaws.auth.EC2ContainerCredentialsProviderWrapper] is not eligible for getting processed by all BeanPostProcessors (for example: not eligible for auto-proxying)
2023-04-10 12:36:56  INFO  PostProcessorRegistrationDelegate$BeanPostProcessorChecker - Bean '(inner bean)#17347095' of type [com.amazonaws.auth.profile.ProfileCredentialsProvider] is not eligible for getting processed by all BeanPostProcessors (for example: not eligible for auto-proxying)
2023-04-10 12:36:56  INFO  PostProcessorRegistrationDelegate$BeanPostProcessorChecker - Bean 'credentialsProvider' of type [org.springframework.cloud.aws.core.credentials.CredentialsProviderFactoryBean] is not eligible for getting processed by all BeanPostProcessors (for example: not eligible for auto-proxying)
2023-04-10 12:36:56  INFO  PostProcessorRegistrationDelegate$BeanPostProcessorChecker - Bean 'credentialsProvider' of type [com.amazonaws.auth.AWSCredentialsProviderChain] is not eligible for getting processed by all BeanPostProcessors (for example: not eligible for auto-proxying)
2023-04-10 12:36:56  INFO  PostProcessorRegistrationDelegate$BeanPostProcessorChecker - Bean 'dynamoDbConfig' of type [com.kenzie.appserver.config.DynamoDbConfig$$EnhancerBySpringCGLIB$$1e0a10b] is not eligible for getting processed by all BeanPostProcessors (for example: not eligible for auto-proxying)
2023-04-10 12:36:57  INFO  PostProcessorRegistrationDelegate$BeanPostProcessorChecker - Bean 'amazonDynamoDB' of type [com.amazonaws.services.dynamodbv2.AmazonDynamoDBClient] is not eligible for getting processed by all BeanPostProcessors (for example: not eligible for auto-proxying)
2023-04-10 12:36:57  INFO  PostProcessorRegistrationDelegate$BeanPostProcessorChecker - Bean 'dynamoDB-DynamoDBMapperConfig' of type [com.amazonaws.services.dynamodbv2.datamodeling.DynamoDBMapperConfig] is not eligible for getting processed by all BeanPostProcessors (for example: not eligible for auto-proxying)
2023-04-10 12:36:58  INFO  TomcatWebServer - Tomcat initialized with port(s): 0 (http)
2023-04-10 12:36:59  INFO  ServletWebServerApplicationContext - Root WebApplicationContext: initialization completed in 12846 ms
2023-04-10 12:36:59  INFO  PushMeterRegistry - publishing metrics for CloudWatchMeterRegistry every 1m
2023-04-10 12:37:00  INFO  DynamoDBRepositoryFactory - Spring Data DynamoDB Version: 5.2.1 (2.2)
2023-04-10 12:37:00  INFO  DynamoDBRepositoryFactory - Spring Data Version:          2.6.2
2023-04-10 12:37:00  INFO  DynamoDBRepositoryFactory - AWS SDK Version:              1.12.237
2023-04-10 12:37:00  INFO  DynamoDBRepositoryFactory - Java Version:                 16.0.2 - OpenJDK 64-Bit Server VM 16.0.2+7
2023-04-10 12:37:00  INFO  DynamoDBRepositoryFactory - Platform Details:             Mac OS X 13.2.1
2023-04-10 12:37:00  WARN  DynamoDBRepositoryFactory - This Spring Data DynamoDB implementation might not be compatible with the available Spring Data classes on the classpath!
NoDefClassFoundExceptions or similar might occur!
2023-04-10 12:37:02  INFO  WelcomePageHandlerMapping - Adding welcome page: class path resource [static/index.html]
2023-04-10 12:37:04  INFO  TestDispatcherServlet - Initializing Servlet ''
2023-04-10 12:37:04  INFO  EndpointLinksResolver - Exposing 2 endpoint(s) beneath base path '/actuator'
2023-04-10 12:37:04  INFO  TestDispatcherServlet - Completed initialization in 44 ms
2023-04-10 12:37:05  INFO  TomcatWebServer - Tomcat started on port(s): 52743 (http) with context path ''
2023-04-10 12:37:05  INFO  Entity2DynamoDBTableSynchronizer - Checking repository classes with DynamoDB tables Recipes for ContextRefreshedEvent
2023-04-10 12:37:05  INFO  RecipeControllerTest - Started RecipeControllerTest in 25.311 seconds (JVM running for 30.206)
]]></system-out>
  <system-err><![CDATA[Apr 10, 2023 12:36:58 PM org.apache.coyote.AbstractProtocol init
INFO: Initializing ProtocolHandler ["http-nio-auto-1"]
Apr 10, 2023 12:36:58 PM org.apache.catalina.core.StandardService startInternal
INFO: Starting service [Tomcat]
Apr 10, 2023 12:36:58 PM org.apache.catalina.core.StandardEngine startInternal
INFO: Starting Servlet engine: [Apache Tomcat/9.0.56]
Apr 10, 2023 12:36:59 PM org.apache.catalina.core.ApplicationContext log
INFO: Initializing Spring embedded WebApplicationContext
Apr 10, 2023 12:37:04 PM org.apache.catalina.core.ApplicationContext log
INFO: Initializing Spring TestDispatcherServlet ''
Apr 10, 2023 12:37:05 PM org.apache.coyote.AbstractProtocol start
INFO: Starting ProtocolHandler ["http-nio-auto-1"]
]]></system-err>
</testsuite>
